Determining if the pthread_create exist failed with the following output:
Change Dir: /home/bwilab/scavenger_hunt/robot/scavenger_hunt_ws/build/catkin_tools_prebuild/CMakeFiles/CMakeTmp

Run Build Command:"/usr/bin/make" "cmTC_558af/fast"
/usr/bin/make -f CMakeFiles/cmTC_558af.dir/build.make CMakeFiles/cmTC_558af.dir/build
make[1]: Entering directory '/home/bwilab/scavenger_hunt/robot/scavenger_hunt_ws/build/catkin_tools_prebuild/CMakeFiles/CMakeTmp'
Building C object CMakeFiles/cmTC_558af.dir/CheckSymbolExists.c.o
/usr/bin/cc     -o CMakeFiles/cmTC_558af.dir/CheckSymbolExists.c.o   -c /home/bwilab/scavenger_hunt/robot/scavenger_hunt_ws/build/catkin_tools_prebuild/CMakeFiles/CMakeTmp/CheckSymbolExists.c
Linking C executable cmTC_558af
/usr/local/bin/cmake -E cmake_link_script CMakeFiles/cmTC_558af.dir/link.txt --verbose=1
/usr/bin/cc       CMakeFiles/cmTC_558af.dir/CheckSymbolExists.c.o  -o cmTC_558af -rdynamic 
CMakeFiles/cmTC_558af.dir/CheckSymbolExists.c.o: In function `main':
CheckSymbolExists.c:(.text+0x16): undefined reference to `pthread_create'
collect2: error: ld returned 1 exit status
CMakeFiles/cmTC_558af.dir/build.make:97: recipe for target 'cmTC_558af' failed
make[1]: *** [cmTC_558af] Error 1
make[1]: Leaving directory '/home/bwilab/scavenger_hunt/robot/scavenger_hunt_ws/build/catkin_tools_prebuild/CMakeFiles/CMakeTmp'
Makefile:126: recipe for target 'cmTC_558af/fast' failed
make: *** [cmTC_558af/fast] Error 2

File /home/bwilab/scavenger_hunt/robot/scavenger_hunt_ws/build/catkin_tools_prebuild/CMakeFiles/CMakeTmp/CheckSymbolExists.c:
/* */
#include <pthread.h>

int main(int argc, char** argv)
{
  (void)argv;
#ifndef pthread_create
  return ((int*)(&pthread_create))[argc];
#else
  (void)argc;
  return 0;
#endif
}

Determining if the function pthread_create exists in the pthreads failed with the following output:
Change Dir: /home/bwilab/scavenger_hunt/robot/scavenger_hunt_ws/build/catkin_tools_prebuild/CMakeFiles/CMakeTmp

Run Build Command:"/usr/bin/make" "cmTC_c581d/fast"
/usr/bin/make -f CMakeFiles/cmTC_c581d.dir/build.make CMakeFiles/cmTC_c581d.dir/build
make[1]: Entering directory '/home/bwilab/scavenger_hunt/robot/scavenger_hunt_ws/build/catkin_tools_prebuild/CMakeFiles/CMakeTmp'
Building C object CMakeFiles/cmTC_c581d.dir/CheckFunctionExists.c.o
/usr/bin/cc    -DCHECK_FUNCTION_EXISTS=pthread_create   -o CMakeFiles/cmTC_c581d.dir/CheckFunctionExists.c.o   -c /usr/local/share/cmake-3.5/Modules/CheckFunctionExists.c
Linking C executable cmTC_c581d
/usr/local/bin/cmake -E cmake_link_script CMakeFiles/cmTC_c581d.dir/link.txt --verbose=1
/usr/bin/cc   -DCHECK_FUNCTION_EXISTS=pthread_create    CMakeFiles/cmTC_c581d.dir/CheckFunctionExists.c.o  -o cmTC_c581d -rdynamic -lpthreads 
/usr/bin/ld: cannot find -lpthreads
collect2: error: ld returned 1 exit status
CMakeFiles/cmTC_c581d.dir/build.make:97: recipe for target 'cmTC_c581d' failed
make[1]: *** [cmTC_c581d] Error 1
make[1]: Leaving directory '/home/bwilab/scavenger_hunt/robot/scavenger_hunt_ws/build/catkin_tools_prebuild/CMakeFiles/CMakeTmp'
Makefile:126: recipe for target 'cmTC_c581d/fast' failed
make: *** [cmTC_c581d/fast] Error 2


