Determining if the pthread_create exist failed with the following output:
Change Dir: /home/bwilab/scavenger_hunt/robot/scavenger_hunt_ws/build/std_msgs/CMakeFiles/CMakeTmp

Run Build Command:"/usr/bin/make" "cmTC_2a6ef/fast"
/usr/bin/make -f CMakeFiles/cmTC_2a6ef.dir/build.make CMakeFiles/cmTC_2a6ef.dir/build
make[1]: Entering directory '/home/bwilab/scavenger_hunt/robot/scavenger_hunt_ws/build/std_msgs/CMakeFiles/CMakeTmp'
Building C object CMakeFiles/cmTC_2a6ef.dir/CheckSymbolExists.c.o
/usr/bin/cc     -o CMakeFiles/cmTC_2a6ef.dir/CheckSymbolExists.c.o   -c /home/bwilab/scavenger_hunt/robot/scavenger_hunt_ws/build/std_msgs/CMakeFiles/CMakeTmp/CheckSymbolExists.c
Linking C executable cmTC_2a6ef
/usr/local/bin/cmake -E cmake_link_script CMakeFiles/cmTC_2a6ef.dir/link.txt --verbose=1
/usr/bin/cc       CMakeFiles/cmTC_2a6ef.dir/CheckSymbolExists.c.o  -o cmTC_2a6ef -rdynamic 
CMakeFiles/cmTC_2a6ef.dir/CheckSymbolExists.c.o: In function `main':
CheckSymbolExists.c:(.text+0x16): undefined reference to `pthread_create'
collect2: error: ld returned 1 exit status
CMakeFiles/cmTC_2a6ef.dir/build.make:97: recipe for target 'cmTC_2a6ef' failed
make[1]: *** [cmTC_2a6ef] Error 1
make[1]: Leaving directory '/home/bwilab/scavenger_hunt/robot/scavenger_hunt_ws/build/std_msgs/CMakeFiles/CMakeTmp'
Makefile:126: recipe for target 'cmTC_2a6ef/fast' failed
make: *** [cmTC_2a6ef/fast] Error 2

File /home/bwilab/scavenger_hunt/robot/scavenger_hunt_ws/build/std_msgs/CMakeFiles/CMakeTmp/CheckSymbolExists.c:
/* */
#include <pthread.h>

int main(int argc, char** argv)
{
  (void)argv;
#ifndef pthread_create
  return ((int*)(&pthread_create))[argc];
#else
  (void)argc;
  return 0;
#endif
}

Determining if the function pthread_create exists in the pthreads failed with the following output:
Change Dir: /home/bwilab/scavenger_hunt/robot/scavenger_hunt_ws/build/std_msgs/CMakeFiles/CMakeTmp

Run Build Command:"/usr/bin/make" "cmTC_07061/fast"
/usr/bin/make -f CMakeFiles/cmTC_07061.dir/build.make CMakeFiles/cmTC_07061.dir/build
make[1]: Entering directory '/home/bwilab/scavenger_hunt/robot/scavenger_hunt_ws/build/std_msgs/CMakeFiles/CMakeTmp'
Building C object CMakeFiles/cmTC_07061.dir/CheckFunctionExists.c.o
/usr/bin/cc    -DCHECK_FUNCTION_EXISTS=pthread_create   -o CMakeFiles/cmTC_07061.dir/CheckFunctionExists.c.o   -c /usr/local/share/cmake-3.5/Modules/CheckFunctionExists.c
Linking C executable cmTC_07061
/usr/local/bin/cmake -E cmake_link_script CMakeFiles/cmTC_07061.dir/link.txt --verbose=1
/usr/bin/cc   -DCHECK_FUNCTION_EXISTS=pthread_create    CMakeFiles/cmTC_07061.dir/CheckFunctionExists.c.o  -o cmTC_07061 -rdynamic -lpthreads 
/usr/bin/ld: cannot find -lpthreads
collect2: error: ld returned 1 exit status
CMakeFiles/cmTC_07061.dir/build.make:97: recipe for target 'cmTC_07061' failed
make[1]: *** [cmTC_07061] Error 1
make[1]: Leaving directory '/home/bwilab/scavenger_hunt/robot/scavenger_hunt_ws/build/std_msgs/CMakeFiles/CMakeTmp'
Makefile:126: recipe for target 'cmTC_07061/fast' failed
make: *** [cmTC_07061/fast] Error 2


