Determining if the pthread_create exist failed with the following output:
Change Dir: /home/bwilab/scavenger_hunt/robot/scavenger_hunt_ws/build/scavenger/CMakeFiles/CMakeTmp

Run Build Command:"/usr/bin/make" "cmTC_160df/fast"
/usr/bin/make -f CMakeFiles/cmTC_160df.dir/build.make CMakeFiles/cmTC_160df.dir/build
make[1]: Entering directory '/home/bwilab/scavenger_hunt/robot/scavenger_hunt_ws/build/scavenger/CMakeFiles/CMakeTmp'
Building C object CMakeFiles/cmTC_160df.dir/CheckSymbolExists.c.o
/usr/bin/cc     -o CMakeFiles/cmTC_160df.dir/CheckSymbolExists.c.o   -c /home/bwilab/scavenger_hunt/robot/scavenger_hunt_ws/build/scavenger/CMakeFiles/CMakeTmp/CheckSymbolExists.c
Linking C executable cmTC_160df
/usr/local/bin/cmake -E cmake_link_script CMakeFiles/cmTC_160df.dir/link.txt --verbose=1
/usr/bin/cc       CMakeFiles/cmTC_160df.dir/CheckSymbolExists.c.o  -o cmTC_160df -rdynamic 
CMakeFiles/cmTC_160df.dir/CheckSymbolExists.c.o: In function `main':
CheckSymbolExists.c:(.text+0x16): undefined reference to `pthread_create'
collect2: error: ld returned 1 exit status
CMakeFiles/cmTC_160df.dir/build.make:97: recipe for target 'cmTC_160df' failed
make[1]: *** [cmTC_160df] Error 1
make[1]: Leaving directory '/home/bwilab/scavenger_hunt/robot/scavenger_hunt_ws/build/scavenger/CMakeFiles/CMakeTmp'
Makefile:126: recipe for target 'cmTC_160df/fast' failed
make: *** [cmTC_160df/fast] Error 2

File /home/bwilab/scavenger_hunt/robot/scavenger_hunt_ws/build/scavenger/CMakeFiles/CMakeTmp/CheckSymbolExists.c:
/* */
#include <pthread.h>

int main(int argc, char** argv)
{
  (void)argv;
#ifndef pthread_create
  return ((int*)(&pthread_create))[argc];
#else
  (void)argc;
  return 0;
#endif
}

Determining if the function pthread_create exists in the pthreads failed with the following output:
Change Dir: /home/bwilab/scavenger_hunt/robot/scavenger_hunt_ws/build/scavenger/CMakeFiles/CMakeTmp

Run Build Command:"/usr/bin/make" "cmTC_2377a/fast"
/usr/bin/make -f CMakeFiles/cmTC_2377a.dir/build.make CMakeFiles/cmTC_2377a.dir/build
make[1]: Entering directory '/home/bwilab/scavenger_hunt/robot/scavenger_hunt_ws/build/scavenger/CMakeFiles/CMakeTmp'
Building C object CMakeFiles/cmTC_2377a.dir/CheckFunctionExists.c.o
/usr/bin/cc    -DCHECK_FUNCTION_EXISTS=pthread_create   -o CMakeFiles/cmTC_2377a.dir/CheckFunctionExists.c.o   -c /usr/local/share/cmake-3.5/Modules/CheckFunctionExists.c
Linking C executable cmTC_2377a
/usr/local/bin/cmake -E cmake_link_script CMakeFiles/cmTC_2377a.dir/link.txt --verbose=1
/usr/bin/cc   -DCHECK_FUNCTION_EXISTS=pthread_create    CMakeFiles/cmTC_2377a.dir/CheckFunctionExists.c.o  -o cmTC_2377a -rdynamic -lpthreads 
/usr/bin/ld: cannot find -lpthreads
collect2: error: ld returned 1 exit status
CMakeFiles/cmTC_2377a.dir/build.make:97: recipe for target 'cmTC_2377a' failed
make[1]: *** [cmTC_2377a] Error 1
make[1]: Leaving directory '/home/bwilab/scavenger_hunt/robot/scavenger_hunt_ws/build/scavenger/CMakeFiles/CMakeTmp'
Makefile:126: recipe for target 'cmTC_2377a/fast' failed
make: *** [cmTC_2377a/fast] Error 2


