In file included from [01m[K/home/bwilab/scavenger_hunt/robot/scavenger_hunt_ws/src/scavenger/src/json_test.cpp:1:0[m[K:
[01m[K/home/bwilab/scavenger_hunt/robot/scavenger_hunt_ws/src/scavenger/include/scavenger/scavenger_hunt.h:12:43:[m[K [01;31m[Kerror: [m[Kin-class initialization of static data member ‘[01m[Kconst string ScavengerHuntClient::DOWNLOAD_URL[m[K’ of non-literal type
   static const std::string DOWNLOAD_URL = "https://jsonplaceholder.typicode.com/todos/1";
[01;32m[K                                           ^[m[K
[01m[K/home/bwilab/scavenger_hunt/robot/scavenger_hunt_ws/src/scavenger/include/scavenger/scavenger_hunt.h:12:43:[m[K [01;31m[Kerror: [m[Kcall to non-constexpr function ‘[01m[Kstd::__cxx11::basic_string<_CharT, _Traits, _Alloc>::basic_string(const _CharT*, const _Alloc&) [with _CharT = char; _Traits = std::char_traits<char>; _Alloc = std::allocator<char>][m[K’
[01m[K/home/bwilab/scavenger_hunt/robot/scavenger_hunt_ws/src/scavenger/include/scavenger/scavenger_hunt.h:13:41:[m[K [01;31m[Kerror: [m[Kin-class initialization of static data member ‘[01m[Kconst string ScavengerHuntClient::UPLOAD_URL[m[K’ of non-literal type
   static const std::string UPLOAD_URL = "http://localhost/script/upload.php";
[01;32m[K                                         ^[m[K
[01m[K/home/bwilab/scavenger_hunt/robot/scavenger_hunt_ws/src/scavenger/include/scavenger/scavenger_hunt.h:13:41:[m[K [01;31m[Kerror: [m[Kcall to non-constexpr function ‘[01m[Kstd::__cxx11::basic_string<_CharT, _Traits, _Alloc>::basic_string(const _CharT*, const _Alloc&) [with _CharT = char; _Traits = std::char_traits<char>; _Alloc = std::allocator<char>][m[K’
In file included from [01m[K/home/bwilab/scavenger_hunt/robot/scavenger_hunt_ws/src/scavenger/src/scavenger_hunt.cpp:1:0[m[K:
[01m[K/home/bwilab/scavenger_hunt/robot/scavenger_hunt_ws/src/scavenger/include/scavenger/scavenger_hunt.h:12:43:[m[K [01;31m[Kerror: [m[Kin-class initialization of static data member ‘[01m[Kconst string ScavengerHuntClient::DOWNLOAD_URL[m[K’ of non-literal type
   static const std::string DOWNLOAD_URL = "https://jsonplaceholder.typicode.com/todos/1";
[01;32m[K                                           ^[m[K
[01m[K/home/bwilab/scavenger_hunt/robot/scavenger_hunt_ws/src/scavenger/include/scavenger/scavenger_hunt.h:12:43:[m[K [01;31m[Kerror: [m[Kcall to non-constexpr function ‘[01m[Kstd::__cxx11::basic_string<_CharT, _Traits, _Alloc>::basic_string(const _CharT*, const _Alloc&) [with _CharT = char; _Traits = std::char_traits<char>; _Alloc = std::allocator<char>][m[K’
[01m[K/home/bwilab/scavenger_hunt/robot/scavenger_hunt_ws/src/scavenger/include/scavenger/scavenger_hunt.h:13:41:[m[K [01;31m[Kerror: [m[Kin-class initialization of static data member ‘[01m[Kconst string ScavengerHuntClient::UPLOAD_URL[m[K’ of non-literal type
   static const std::string UPLOAD_URL = "http://localhost/script/upload.php";
[01;32m[K                                         ^[m[K
[01m[K/home/bwilab/scavenger_hunt/robot/scavenger_hunt_ws/src/scavenger/include/scavenger/scavenger_hunt.h:13:41:[m[K [01;31m[Kerror: [m[Kcall to non-constexpr function ‘[01m[Kstd::__cxx11::basic_string<_CharT, _Traits, _Alloc>::basic_string(const _CharT*, const _Alloc&) [with _CharT = char; _Traits = std::char_traits<char>; _Alloc = std::allocator<char>][m[K’
make[2]: *** [CMakeFiles/json_test.dir/src/json_test.cpp.o] Error 1
make[2]: *** Waiting for unfinished jobs....
make[2]: *** [CMakeFiles/json_test.dir/src/scavenger_hunt.cpp.o] Error 1
make[1]: *** [CMakeFiles/json_test.dir/all] Error 2
make: *** [all] Error 2
