[35m[1mScanning dependencies of target json_test[0m
[ 66%] [32mBuilding CXX object CMakeFiles/json_test.dir/src/scavenger_hunt.cpp.o[0m
[ 66%] [32mBuilding CXX object CMakeFiles/json_test.dir/src/json_test.cpp.o[0m
In file included from [01m[K/home/bwilab/scavenger_hunt/robot/scavenger_hunt_ws/src/scavenger/include/scavenger/scavenger_hunt.h:4:0[m[K,
                 from [01m[K/home/bwilab/scavenger_hunt/robot/scavenger_hunt_ws/src/scavenger/src/scavenger_hunt.cpp:1[m[K:
[01m[K/home/bwilab/scavenger_hunt/robot/scavenger_hunt_ws/src/scavenger/src/scavenger_hunt.cpp:[m[K In constructor ‘[01m[KScavengerHuntClient::ScavengerHuntClient()[m[K’:
[01m[K/home/bwilab/scavenger_hunt/robot/scavenger_hunt_ws/src/scavenger/src/scavenger_hunt.cpp:18:39:[m[K [01;31m[Kerror: [m[K‘[01m[Kurl[m[K’ was not declared in this scope
   curl_easy_setopt(curl, CURLOPT_URL, url.c_str());
[01;32m[K                                       ^[m[K
[01m[K/home/bwilab/scavenger_hunt/robot/scavenger_hunt_ws/src/scavenger/../curl-7.65.0/include/curl/curl.h:2860:72:[m[K [01;36m[Knote: [m[Kin definition of macro ‘[01m[Kcurl_easy_setopt[m[K’
 #define curl_easy_setopt(handle,opt,param) curl_easy_setopt(handle,opt,param)
[01;32m[K                                                                        ^[m[K
[01m[K/home/bwilab/scavenger_hunt/robot/scavenger_hunt_ws/src/scavenger/src/scavenger_hunt.cpp:[m[K In member function ‘[01m[Kvoid ScavengerHuntClient::retrieve()[m[K’:
[01m[K/home/bwilab/scavenger_hunt/robot/scavenger_hunt_ws/src/scavenger/src/scavenger_hunt.cpp:47:28:[m[K [01;31m[Kerror: [m[K‘[01m[Kios[m[K’ has not been declared
     parser_stream.seekg(0, ios::end);
[01;32m[K                            ^[m[K
[01m[K/home/bwilab/scavenger_hunt/robot/scavenger_hunt_ws/src/scavenger/src/scavenger_hunt.cpp:49:28:[m[K [01;31m[Kerror: [m[K‘[01m[Kios[m[K’ has not been declared
     parser_stream.seekg(0, ios::beg);
[01;32m[K                            ^[m[K
CMakeFiles/json_test.dir/build.make:62: recipe for target 'CMakeFiles/json_test.dir/src/scavenger_hunt.cpp.o' failed
make[2]: *** [CMakeFiles/json_test.dir/src/scavenger_hunt.cpp.o] Error 1
make[2]: *** Waiting for unfinished jobs....
CMakeFiles/Makefile2:707: recipe for target 'CMakeFiles/json_test.dir/all' failed
make[1]: *** [CMakeFiles/json_test.dir/all] Error 2
Makefile:138: recipe for target 'all' failed
make: *** [all] Error 2
